/mgc/Leonardo/bin/Linux/spectrum 
-------------------------------------------------
LeonardoSpectrum Level 3 - 2009a.6 (Release Production Release, compiled Aug 17 2009 at 17:56:52)
Copyright 1990-2009 Mentor Graphics.  All rights reserved.
Portions copyright 1991-2009 Compuware Corporation

Checking Security ...

   *** Welcome to Interactive LeonardoSpectrum Level 3 Version 2009a.6 ***

News :
  * Enter "help" to get an overview of all commands
  * Enter <command> -help  to get usage of each command

Session history will be logged to file '/home/jdc183/EECS301/lab3_2/Vlog/SubAdd/leospec.his'
Reading library file `/mgc/Leonardo/lib/ami05_typ.syn`...
Library version = 3.0 Release : Patch (a) : 09/13/04
Delays assume: Process=typical Temp= 27.0 C  Voltage=5.00 V  
Info: setting encoding to auto
Info, Command 'load_library' finished successfully
-- Reading file '/home/jdc183/EECS301/lab3_2/Vlog/SubAdd/alu.v'...
-- Loading module 'alu'
-- Compiling root module 'alu'
"/home/jdc183/EECS301/lab3_2/Vlog/SubAdd/alu.v",line 14: Info, case choices are mutually exclusive; inferring parallel case.
Info, Command 'read' finished successfully
-- Boundary optimization.
-- Start pre-optimization for design .work.alu.INTERFACE
Info, Command 'pre_optimize' finished successfully
-- Start pre-optimization for design .work.alu.INTERFACE
Info, Command 'pre_optimize' finished successfully
Info: The target technology was not selected, ami05_typ was automatically selected for you.
-- Optimizing netlist .work.alu.INTERFACE
-- Matching combinational logic..
-- Matching non-combinational logic..
-- Covering..
-- CPU Time used :   00:00 Mapping
Re-checking DRC after adjustments
-- Final Design Rule Check..
Info, Command 'optimize' finished successfully
Info: The target technology was not selected, ami05_typ was automatically selected for you.
-- Optimizing netlist .work.alu.INTERFACE
-- Matching combinational logic..
-- Matching non-combinational logic..
-- Covering..
-- CPU Time used :   00:00 Mapping
-- Final Design Rule Check..
Info, Command 'optimize' finished successfully
-- Start timing optimization for design .work.alu.INTERFACE
No critical paths to optimize at this level
Info, Command 'optimize_timing' finished successfully
Info: setting edif_write_arrays to FALSE
FALSE
-- Writing file Proc.vhd
Info, Command 'write' finished successfully
-- Writing file Proc.edf
Info, Command 'write' finished successfully
-- Writing file Proc.v
Info, Command 'write' finished successfully
-- Writing file Proc.sdf
Info, Command 'write' finished successfully
CriticalPath



                        Critical Path Report

Critical path #1, (unconstrained path)
NAME                               GATE              ARRIVAL              LOAD
------------------------------------------------------------------------------
ib(0)/                                         0.00  0.00 dn             0.08
ix27/Y                             nor02ii     0.45  0.45 dn             0.01
ix254/Y                            buf02       0.50  0.95 dn             0.07
ix103/Y                            nor03       0.22  1.17 up             0.01
ix109/Y                            ao21        0.61  1.78 up             0.04
ix111/Y                            xnor2       0.47  2.25 dn             0.03
ix198/Y                            mux21_ni    1.04  3.29 up             0.06
ix119/Y                            inv02       0.17  3.46 dn             0.01
ix217/Y                            aoi32       0.41  3.87 up             0.06
ix123/Y                            inv02       0.20  4.07 dn             0.01
ix231/Y                            aoi32       0.43  4.50 up             0.06
ix127/Y                            inv02       0.20  4.70 dn             0.01
ix243/Y                            aoi32       0.35  5.05 up             0.04
ix145/Y                            xnor2       0.44  5.50 dn             0.00
cout/                                          0.00  5.50 dn             0.00
data arrival time                                    5.50

data required time                                not specified
------------------------------------------------------------------------------
data required time                                not specified
data arrival time                                    5.50
                                                  ----------
                                               unconstrained path
------------------------------------------------------------------------------


Info, Command 'report_delay' finished successfully
